\BOOKMARK [0][-]{chapter.1}{Introduction}{}% 1
\BOOKMARK [1][-]{section.1.1}{Objectif}{chapter.1}% 2
\BOOKMARK [1][-]{section.1.2}{Historique du projet}{chapter.1}% 3
\BOOKMARK [1][-]{section.1.3}{L\220application SIA}{chapter.1}% 4
\BOOKMARK [1][-]{section.1.4}{La notion de projet}{chapter.1}% 5
\BOOKMARK [0][-]{chapter.2}{Se connecter au SIA}{}% 6
\BOOKMARK [1][-]{section.2.1}{Obtenir un compte}{chapter.2}% 7
\BOOKMARK [1][-]{section.2.2}{Les diff\351rents r\364les}{chapter.2}% 8
\BOOKMARK [1][-]{section.2.3}{Acc\351der au SIA}{chapter.2}% 9
\BOOKMARK [0][-]{chapter.3}{Les concepts g\351n\351raux et l'interface}{}% 10
\BOOKMARK [1][-]{section.3.1}{Les formulaires}{chapter.3}% 11
\BOOKMARK [1][-]{section.3.2}{Les relations}{chapter.3}% 12
\BOOKMARK [1][-]{section.3.3}{Le panier}{chapter.3}% 13
\BOOKMARK [1][-]{section.3.4}{Se d\351placer}{chapter.3}% 14
\BOOKMARK [1][-]{section.3.5}{Les exports}{chapter.3}% 15
\BOOKMARK [0][-]{chapter.4}{Le formulaire Projet}{}% 16
\BOOKMARK [1][-]{section.4.1}{Description}{chapter.4}% 17
\BOOKMARK [1][-]{section.4.2}{R\351partition des t\342ches}{chapter.4}% 18
\BOOKMARK [1][-]{section.4.3}{Consulter}{chapter.4}% 19
\BOOKMARK [1][-]{section.4.4}{Renseigner}{chapter.4}% 20
\BOOKMARK [0][-]{chapter.5}{Le formulaire UE}{}% 21
\BOOKMARK [1][-]{section.5.1}{Description}{chapter.5}% 22
\BOOKMARK [1][-]{section.5.2}{Renseigner}{chapter.5}% 23
\BOOKMARK [1][-]{section.5.3}{Exporter}{chapter.5}% 24
\BOOKMARK [0][-]{chapter.6}{Le formulaire Mobilier}{}% 25
\BOOKMARK [1][-]{section.6.1}{Description}{chapter.6}% 26
\BOOKMARK [1][-]{section.6.2}{Renseigner}{chapter.6}% 27
\BOOKMARK [1][-]{section.6.3}{Exporter}{chapter.6}% 28
\BOOKMARK [0][-]{chapter.7}{Le formulaire Document}{}% 29
\BOOKMARK [1][-]{section.7.1}{Description}{chapter.7}% 30
\BOOKMARK [1][-]{section.7.2}{Renseigner}{chapter.7}% 31
\BOOKMARK [1][-]{section.7.3}{Supprimer}{chapter.7}% 32
\BOOKMARK [1][-]{section.7.4}{Exporter}{chapter.7}% 33
\BOOKMARK [0][-]{chapter.8}{Le formulaire phase et la chronologie}{}% 34
\BOOKMARK [1][-]{section.8.1}{Description}{chapter.8}% 35
\BOOKMARK [1][-]{section.8.2}{Renseigner}{chapter.8}% 36
\BOOKMARK [0][-]{chapter.9}{Le formulaire Contenant}{}% 37
\BOOKMARK [1][-]{section.9.1}{Description}{chapter.9}% 38
\BOOKMARK [1][-]{section.9.2}{Renseigner}{chapter.9}% 39
\BOOKMARK [1][-]{section.9.3}{Supprimer}{chapter.9}% 40
\BOOKMARK [1][-]{section.9.4}{Exporter}{chapter.9}% 41
\BOOKMARK [0][-]{chapter.10}{Le formulaire traitement}{}% 42
\BOOKMARK [1][-]{section.10.1}{Description}{chapter.10}% 43
\BOOKMARK [1][-]{section.10.2}{Renseigner}{chapter.10}% 44
\BOOKMARK [0][-]{chapter.11}{Le formulaire r\351gie}{}% 45
\BOOKMARK [1][-]{section.11.1}{Description}{chapter.11}% 46
\BOOKMARK [1][-]{section.11.2}{Renseigner}{chapter.11}% 47
\BOOKMARK [0][-]{chapter.12}{Effectuer une recherche}{}% 48
\BOOKMARK [1][-]{section.12.1}{Description}{chapter.12}% 49
\BOOKMARK [1][-]{section.12.2}{Utiliser}{chapter.12}% 50
\BOOKMARK [1][-]{section.12.3}{Utiliser les r\351sultats}{chapter.12}% 51
\BOOKMARK [0][-]{chapter.13}{Questions fr\351quentes}{}% 52
\BOOKMARK [1][-]{section.13.1}{Les formulaires}{chapter.13}% 53
\BOOKMARK [1][-]{section.13.2}{Les exports}{chapter.13}% 54
\BOOKMARK [1][-]{section.13.3}{Le logiciel}{chapter.13}% 55
\BOOKMARK [0][-]{chapter.14}{\311quipe projet}{}% 56
\BOOKMARK [1][-]{section.14.1}{\311quipe Centre d\351partemental d\220Arch\351ologie :}{chapter.14}% 57
\BOOKMARK [1][-]{section.14.2}{\311quipe Direction des syst\350mes d\220information :}{chapter.14}% 58
\BOOKMARK [1][-]{section.14.3}{\311quipe Camptocamp :}{chapter.14}% 59
\BOOKMARK [0][-]{chapter.15}{Lexique}{}% 60
\BOOKMARK [0][-]{chapter.16}{Liens}{}% 61
\BOOKMARK [1][-]{section.16.1}{SIA}{chapter.16}% 62
\BOOKMARK [1][-]{section.16.2}{Georchestra}{chapter.16}% 63
\BOOKMARK [1][-]{section.16.3}{Outils externes}{chapter.16}% 64
\BOOKMARK [0][-]{chapter.17}{Indices and tables}{}% 65
